Temp/gradleOut/launcher/build/intermediates/manifest_merge_blame_file/release/manifest-merger-blame-release-report.txt
1<?xml version="1.0" encoding="utf-8"?>
2<!-- GENERATED BY UNITY. REMOVE THIS COMMENT TO PREVENT OVERWRITING WHEN EXPORTING AGAIN -->
3<manifest xmlns:android="http://schemas.android.com/apk/res/android"
4    package="com.DefaultCompany.TimeThiefEndlessRunner"
5    android:installLocation="auto"
6    android:versionCode="1"
7    android:versionName="0.1" >
8
9    <uses-sdk
10        android:minSdkVersion="23"
10-->src/main/AndroidManifest.xml
11        android:targetSdkVersion="29" />
11-->src/main/AndroidManifest.xml
12
13    <supports-screens
13-->src/main/AndroidManifest.xml:4:3-163
14        android:anyDensity="true"
14-->src/main/AndroidManifest.xml:4:135-160
15        android:largeScreens="true"
15-->src/main/AndroidManifest.xml:4:78-105
16        android:normalScreens="true"
16-->src/main/AndroidManifest.xml:4:49-77
17        android:smallScreens="true"
17-->src/main/AndroidManifest.xml:4:21-48
18        android:xlargeScreens="true" />
18-->src/main/AndroidManifest.xml:4:106-134
19
20    <uses-feature android:glEsVersion="0x00030000" />
20-->[:unityLibrary] AndroidManifest.xml:14:5-54
20-->[:unityLibrary] AndroidManifest.xml:14:19-51
21    <uses-feature
21-->[:unityLibrary] AndroidManifest.xml:15:5-17:36
22        android:name="android.hardware.touchscreen"
22-->[:unityLibrary] AndroidManifest.xml:16:9-52
23        android:required="false" />
23-->[:unityLibrary] AndroidManifest.xml:17:9-33
24    <uses-feature
24-->[:unityLibrary] AndroidManifest.xml:18:5-20:36
25        android:name="android.hardware.touchscreen.multitouch"
25-->[:unityLibrary] AndroidManifest.xml:19:9-63
26        android:required="false" />
26-->[:unityLibrary] AndroidManifest.xml:20:9-33
27    <uses-feature
27-->[:unityLibrary] AndroidManifest.xml:21:5-23:36
28        android:name="android.hardware.touchscreen.multitouch.distinct"
28-->[:unityLibrary] AndroidManifest.xml:22:9-72
29        android:required="false" />
29-->[:unityLibrary] AndroidManifest.xml:23:9-33
30    <uses-feature
30-->[:unityLibrary] AndroidManifest.xml:24:5-27:31
31        android:name="android.hardware.vr.headtracking"
31-->[:unityLibrary] AndroidManifest.xml:25:9-56
32        android:required="true"
32-->[:unityLibrary] AndroidManifest.xml:26:9-32
33        android:version="1" />
33-->[:unityLibrary] AndroidManifest.xml:27:9-28
34
35    <application
35-->src/main/AndroidManifest.xml:5:3-116
36        android:extractNativeLibs="true"
36-->src/main/AndroidManifest.xml:5:16-48
37        android:icon="@mipmap/app_icon"
37-->src/main/AndroidManifest.xml:5:82-113
38        android:label="@string/app_name" >
38-->src/main/AndroidManifest.xml:5:49-81
39        <activity
39-->[:unityLibrary] AndroidManifest.xml:30:9-54:20
40            android:name="com.unity3d.player.UnityPlayerActivity"
40-->[:unityLibrary] AndroidManifest.xml:31:13-66
41            android:configChanges="keyboard|keyboardHidden|navigation|orientation|screenLayout|screenSize|uiMode"
41-->[:unityLibrary] AndroidManifest.xml:32:13-114
42            android:hardwareAccelerated="false"
42-->[:unityLibrary] AndroidManifest.xml:33:13-48
43            android:launchMode="singleTask"
43-->[:unityLibrary] AndroidManifest.xml:34:13-44
44            android:resizeableActivity="false"
44-->[:unityLibrary] AndroidManifest.xml:35:13-47
45            android:screenOrientation="landscape"
45-->[:unityLibrary] AndroidManifest.xml:36:13-50
46            android:theme="@android:style/Theme.Black.NoTitleBar.Fullscreen" >
46-->[:unityLibrary] AndroidManifest.xml:37:13-77
47            <intent-filter>
47-->[:unityLibrary] AndroidManifest.xml:38:13-43:29
48                <action android:name="android.intent.action.MAIN" />
48-->[:unityLibrary] AndroidManifest.xml:39:17-69
48-->[:unityLibrary] AndroidManifest.xml:39:25-66
49
50                <category android:name="android.intent.category.LAUNCHER" />
50-->[:unityLibrary] AndroidManifest.xml:41:17-77
50-->[:unityLibrary] AndroidManifest.xml:41:27-74
51                <category android:name="com.oculus.intent.category.VR" />
51-->[:unityLibrary] AndroidManifest.xml:42:17-74
51-->[:unityLibrary] AndroidManifest.xml:42:27-71
52            </intent-filter>
53
54            <meta-data
54-->[:unityLibrary] AndroidManifest.xml:45:13-47:40
55                android:name="unityplayer.UnityActivity"
55-->[:unityLibrary] AndroidManifest.xml:46:17-57
56                android:value="true" />
56-->[:unityLibrary] AndroidManifest.xml:47:17-37
57            <meta-data
57-->[:unityLibrary] AndroidManifest.xml:48:13-50:40
58                android:name="android.notch_support"
58-->[:unityLibrary] AndroidManifest.xml:49:17-53
59                android:value="true" />
59-->[:unityLibrary] AndroidManifest.xml:50:17-37
60            <meta-data
60-->[:unityLibrary] AndroidManifest.xml:51:13-53:40
61                android:name="com.oculus.vr.focusaware"
61-->[:unityLibrary] AndroidManifest.xml:52:17-56
62                android:value="true" />
62-->[:unityLibrary] AndroidManifest.xml:53:17-37
63        </activity>
64
65        <meta-data
65-->[:unityLibrary] AndroidManifest.xml:56:9-58:33
66            android:name="unity.splash-mode"
66-->[:unityLibrary] AndroidManifest.xml:57:13-45
67            android:value="0" />
67-->[:unityLibrary] AndroidManifest.xml:58:13-30
68        <meta-data
68-->[:unityLibrary] AndroidManifest.xml:59:9-61:36
69            android:name="unity.splash-enable"
69-->[:unityLibrary] AndroidManifest.xml:60:13-47
70            android:value="True" />
70-->[:unityLibrary] AndroidManifest.xml:61:13-33
71        <meta-data
71-->[:unityLibrary] AndroidManifest.xml:62:9-64:37
72            android:name="unity.allow-resizable-window"
72-->[:unityLibrary] AndroidManifest.xml:63:13-56
73            android:value="False" />
73-->[:unityLibrary] AndroidManifest.xml:64:13-34
74        <meta-data
74-->[:unityLibrary] AndroidManifest.xml:65:9-67:50
75            android:name="notch.config"
75-->[:unityLibrary] AndroidManifest.xml:66:13-40
76            android:value="portrait|landscape" />
76-->[:unityLibrary] AndroidManifest.xml:67:13-47
77        <meta-data
77-->[:unityLibrary] AndroidManifest.xml:68:9-70:68
78            android:name="unity.build-id"
78-->[:unityLibrary] AndroidManifest.xml:69:13-42
79            android:value="e935bc5f-a970-4387-bcf5-a52370e6097c" />
79-->[:unityLibrary] AndroidManifest.xml:70:13-65
80        <meta-data
80-->[:unityLibrary] AndroidManifest.xml:71:9-73:39
81            android:name="com.samsung.android.vr.application.mode"
81-->[:unityLibrary] AndroidManifest.xml:72:13-67
82            android:value="vr_only" />
82-->[:unityLibrary] AndroidManifest.xml:73:13-36
83        <meta-data
83-->[:unityLibrary] AndroidManifest.xml:74:9-76:37
84            android:name="com.unity.xr.oculus.LowOverheadMode"
84-->[:unityLibrary] AndroidManifest.xml:75:13-63
85            android:value="false" />
85-->[:unityLibrary] AndroidManifest.xml:76:13-34
86        <meta-data
86-->[:unityLibrary] AndroidManifest.xml:77:9-79:44
87            android:name="com.oculus.supportedDevices"
87-->[:unityLibrary] AndroidManifest.xml:78:13-55
88            android:value="quest|quest2" />
88-->[:unityLibrary] AndroidManifest.xml:79:13-41
89    </application>
90
91</manifest>